This is pdfTeX, Version 3.141592653-2.6-1.40.22 (TeX Live 2021/NixOS.org) (preloaded format=pdflatex 2022.2.10)  18 SEP 2022 16:08
entering extended mode
 restricted \write18 enabled.
 %&-line parsing enabled.
**main.tex
(./main.tex
LaTeX2e <2020-10-01> patch level 4
L3 programming layer <2021-02-18>
(/nix/store/wgzkhxc19ycsvcd3bqk44vyyvyfy59nb-texlive-combined-full-2021.2021040
8/share/texmf/tex/latex/base/article.cls
Document Class: article 2020/04/10 v1.4m Standard LaTeX document class

(/nix/store/wgzkhxc19ycsvcd3bqk44vyyvyfy59nb-texlive-combined-full-2021.2021040
8/share/texmf/tex/latex/base/size10.clo
File: size10.clo 2020/04/10 v1.4m Standard LaTeX file (size option)
)
\c@part=\count179
\c@section=\count180
\c@subsection=\count181
\c@subsubsection=\count182
\c@paragraph=\count183
\c@subparagraph=\count184
\c@figure=\count185
\c@table=\count186
\abovecaptionskip=\skip47
\belowcaptionskip=\skip48
\bibindent=\dimen138
)
(/nix/store/wgzkhxc19ycsvcd3bqk44vyyvyfy59nb-texlive-combined-full-2021.2021040
8/share/texmf/tex/generic/babel/babel.sty
Package: babel 2021/03/24 3.56 The Babel package

(/nix/store/wgzkhxc19ycsvcd3bqk44vyyvyfy59nb-texlive-combined-full-2021.2021040
8/share/texmf/tex/generic/babel/babel.def
File: babel.def 2021/03/24 3.56 Babel common definitions
\babel@savecnt=\count187
\U@D=\dimen139
\l@babelnohyphens=\language87

(/nix/store/wgzkhxc19ycsvcd3bqk44vyyvyfy59nb-texlive-combined-full-2021.2021040
8/share/texmf/tex/generic/babel/txtbabel.def)
\bbl@readstream=\read2
)
\bbl@dirlevel=\count188

(/nix/store/wgzkhxc19ycsvcd3bqk44vyyvyfy59nb-texlive-combined-full-2021.2021040
8/share/texmf/tex/generic/babel-spanish/spanish.ldf
Language: spanish.ldf 2016/03/03 v5.0p Spanish support from the babel system
\es@quottoks=\toks15
\es@quotdepth=\count189
Package babel Info: Making " an active character on input line 561.
Package babel Info: Making . an active character on input line 662.
Package babel Info: Making < an active character on input line 707.
Package babel Info: Making > an active character on input line 707.
))
LaTeX Info: Redefining \. on input line 5.
LaTeX Info: Redefining \% on input line 5.

(/nix/store/wgzkhxc19ycsvcd3bqk44vyyvyfy59nb-texlive-combined-full-2021.2021040
8/share/texmf/tex/latex/base/inputenc.sty
Package: inputenc 2020/08/01 v1.3d Input encoding file
\inpenc@prehook=\toks16
\inpenc@posthook=\toks17
)
(/nix/store/wgzkhxc19ycsvcd3bqk44vyyvyfy59nb-texlive-combined-full-2021.2021040
8/share/texmf/tex/latex/base/fontenc.sty
Package: fontenc 2020/08/10 v2.0s Standard LaTeX package
) (./main.pdf

! LaTeX Error: Missing \begin{document}.

See the LaTeX manual or LaTeX Companion for explanation.
Type  H <return>  for immediate help.
 ...                                              
                                                  
l.3 4
      0 obj 
Here is how much of TeX's memory you used:
 1577 strings out of 478994
 21075 string characters out of 5829509
 325494 words of memory out of 5000000
 19128 multiletter control sequences out of 15000+600000
 404193 words of font info for 28 fonts, out of 8000000 for 9000
 1141 hyphenation exceptions out of 8191
 45i,0n,54p,163b,361s stack positions out of 5000i,500n,10000p,200000b,80000s

!  ==> Fatal error occurred, no output PDF file produced!
